<?xml version="1.0" encoding="UTF-8"?>
<!-- Generated by org.testng.reporters.JUnitReportReporter -->
<testsuite hostname="Z422" failures="0" tests="4" name="com.mystore.testcases.TC_LoginTest" time="49.888" errors="0" timestamp="2022-10-17T21:23:38 IST" skipped="0">
  <testcase classname="com.mystore.testcases.TC_LoginTest" name="registeredSignIn" time="10.325"/>
  <system-out/>
  <testcase classname="com.mystore.testcases.TC_LoginTest" name="registeredSignIn" time="10.010"/>
  <system-out/>
  <testcase classname="com.mystore.testcases.TC_LoginTest" name="registeredSignIn" time="22.133"/>
  <system-out/>
  <testcase classname="com.mystore.testcases.TC_LoginTest" name="registeredSignIn" time="7.420"/>
  <system-out/>
</testsuite> <!-- com.mystore.testcases.TC_LoginTest -->
