<?xml version="1.0" encoding="UTF-8"?>
<!-- Generated by org.testng.reporters.JUnitReportReporter -->
<testsuite hostname="Z422" failures="0" tests="1" name="com.mystore.testcases.TC_VerifyAddToWishlistTest" time="5.365" errors="0" timestamp="2022-10-28T14:05:49 IST" skipped="0">
  <testcase classname="com.mystore.testcases.TC_VerifyAddToWishlistTest" name="verifyAddWishList" time="5.365"/>
  <system-out/>
</testsuite> <!-- com.mystore.testcases.TC_VerifyAddToWishlistTest -->
