<?xml version="1.0" encoding="UTF-8"?>
<!-- Generated by org.testng.reporters.JUnitReportReporter -->
<testsuite hostname="Z422" failures="0" tests="4" name="com.mystore.testcases.TC_LogOutTest" time="90.711" errors="0" timestamp="2022-10-28T14:05:49 IST" skipped="0">
  <testcase classname="com.mystore.testcases.TC_LogOutTest" name="logOutTest" time="20.051"/>
  <system-out/>
  <testcase classname="com.mystore.testcases.TC_LogOutTest" name="logOutTest" time="21.492"/>
  <system-out/>
  <testcase classname="com.mystore.testcases.TC_LogOutTest" name="logOutTest" time="32.224"/>
  <system-out/>
  <testcase classname="com.mystore.testcases.TC_LogOutTest" name="logOutTest" time="16.944"/>
  <system-out/>
</testsuite> <!-- com.mystore.testcases.TC_LogOutTest -->
