<?xml version="1.0" encoding="UTF-8"?>
<!-- Generated by org.testng.reporters.JUnitReportReporter -->
<testsuite hostname="Z422" failures="0" tests="1" name="com.mystore.testcases.TC_SearchProductTest" time="10.929" errors="0" timestamp="2022-10-18T01:57:16 IST" skipped="0">
  <testcase classname="com.mystore.testcases.TC_SearchProductTest" name="searchProduct" time="10.929"/>
  <system-out/>
</testsuite> <!-- com.mystore.testcases.TC_SearchProductTest -->
