<?xml version="1.0" encoding="UTF-8"?>
<!-- Generated by org.testng.reporters.JUnitReportReporter -->
<testsuite hostname="Z422" failures="0" tests="4" name="com.mystore.testcases.TC_LogOutTest" time="142.487" errors="0" timestamp="2022-10-28T14:12:19 IST" skipped="0">
  <testcase classname="com.mystore.testcases.TC_LogOutTest" name="logOutTest" time="26.653"/>
  <system-out/>
  <testcase classname="com.mystore.testcases.TC_LogOutTest" name="logOutTest" time="16.150"/>
  <system-out/>
  <testcase classname="com.mystore.testcases.TC_LogOutTest" name="logOutTest" time="58.093"/>
  <system-out/>
  <testcase classname="com.mystore.testcases.TC_LogOutTest" name="logOutTest" time="41.591"/>
  <system-out/>
</testsuite> <!-- com.mystore.testcases.TC_LogOutTest -->
