<?xml version="1.0" encoding="UTF-8"?>
<!-- Generated by org.testng.reporters.JUnitReportReporter -->
<testsuite hostname="Z422" failures="0" tests="1" name="com.mystore.testcases.TC_BuyProductTest" time="34.149" errors="0" timestamp="2022-10-18T01:57:16 IST" skipped="0">
  <testcase classname="com.mystore.testcases.TC_BuyProductTest" name="buyProductTest" time="34.149"/>
  <system-out/>
</testsuite> <!-- com.mystore.testcases.TC_BuyProductTest -->
