<?xml version="1.0" encoding="UTF-8"?>
<!-- Generated by org.testng.reporters.JUnitReportReporter -->
<testsuite hostname="Z422" failures="0" tests="4" name="com.mystore.testcases.TC_LogOutTest" time="91.724" errors="0" timestamp="2022-10-18T01:57:16 IST" skipped="0">
  <testcase classname="com.mystore.testcases.TC_LogOutTest" name="logOutTest" time="16.024"/>
  <system-out/>
  <testcase classname="com.mystore.testcases.TC_LogOutTest" name="logOutTest" time="22.564"/>
  <system-out/>
  <testcase classname="com.mystore.testcases.TC_LogOutTest" name="logOutTest" time="12.192"/>
  <system-out/>
  <testcase classname="com.mystore.testcases.TC_LogOutTest" name="logOutTest" time="40.944"/>
  <system-out/>
</testsuite> <!-- com.mystore.testcases.TC_LogOutTest -->
