<?xml version="1.0" encoding="UTF-8"?>
<!-- Generated by org.testng.reporters.JUnitReportReporter -->
<testsuite hostname="Z422" failures="0" tests="1" name="com.mystore.testcases.TC_SearchProductTest" time="18.151" errors="0" timestamp="2022-10-28T16:40:16 IST" skipped="0">
  <testcase classname="com.mystore.testcases.TC_SearchProductTest" name="searchProduct" time="18.151"/>
  <system-out/>
</testsuite> <!-- com.mystore.testcases.TC_SearchProductTest -->
