<?xml version="1.0" encoding="UTF-8"?>
<!-- Generated by org.testng.reporters.JUnitReportReporter -->
<testsuite hostname="Z422" failures="0" tests="1" name="com.mystore.testcases.TC_SearchProductTest" time="37.888" errors="0" timestamp="2022-10-28T14:12:19 IST" skipped="0">
  <testcase classname="com.mystore.testcases.TC_SearchProductTest" name="searchProduct" time="37.888"/>
  <system-out/>
</testsuite> <!-- com.mystore.testcases.TC_SearchProductTest -->
